<?xml version="1.0" encoding="UTF-8" ?>
<testsuite tests="1" failures="0" name="org.apache.giraph.examples.PageRankComputationTest" time="13.214" errors="0" skipped="0">
  <properties>
    <property name="java.runtime.name" value="Java(TM) SE Runtime Environment"/>
    <property name="zookeeper.forceSync" value="no"/>
    <property name="sun.boot.library.path" value="/opt/jdk1.8/jre/lib/amd64"/>
    <property name="java.vm.version" value="25.111-b14"/>
    <property name="java.vm.vendor" value="Oracle Corporation"/>
    <property name="java.vendor.url" value="http://java.oracle.com/"/>
    <property name="path.separator" value=":"/>
    <property name="java.vm.name" value="Java HotSpot(TM) 64-Bit Server VM"/>
    <property name="file.encoding.pkg" value="sun.io"/>
    <property name="user.country" value="US"/>
    <property name="sun.java.launcher" value="SUN_STANDARD"/>
    <property name="sun.os.patch.level" value="unknown"/>
    <property name="java.vm.specification.name" value="Java Virtual Machine Specification"/>
    <property name="user.dir" value="/opt/giraph/giraph-examples"/>
    <property name="java.runtime.version" value="1.8.0_111-b14"/>
    <property name="java.awt.graphicsenv" value="sun.awt.X11GraphicsEnvironment"/>
    <property name="basedir" value="/opt/giraph/giraph-examples"/>
    <property name="java.endorsed.dirs" value="/opt/jdk1.8/jre/lib/endorsed"/>
    <property name="os.arch" value="amd64"/>
    <property name="zookeeper.snapCount" value="50000"/>
    <property name="surefire.real.class.path" value="/tmp/surefirebooter6989751897227085209.jar"/>
    <property name="java.io.tmpdir" value="/tmp"/>
    <property name="line.separator" value="
"/>
    <property name="java.vm.specification.vendor" value="Oracle Corporation"/>
    <property name="os.name" value="Linux"/>
    <property name="sun.jnu.encoding" value="UTF-8"/>
    <property name="java.library.path" value=":/opt/intel/intelpython27/lib:/usr/local/lib:/usr/java/packages/lib/amd64:/usr/lib64:/lib64:/lib:/usr/lib"/>
    <property name="surefire.test.class.path" value="/opt/giraph/giraph-examples/target/munged/test-classes:/opt/giraph/giraph-examples/target/munged/classes:/home/mapred/.m2/repository/com/google/guava/guava/18.0/guava-18.0.jar:/home/mapred/.m2/repository/commons-cli/commons-cli/1.2/commons-cli-1.2.jar:/home/mapred/.m2/repository/commons-collections/commons-collections/3.2.1/commons-collections-3.2.1.jar:/home/mapred/.m2/repository/it/unimi/dsi/fastutil/6.5.4/fastutil-6.5.4.jar:/home/mapred/.m2/repository/log4j/log4j/1.2.17/log4j-1.2.17.jar:/home/mapred/.m2/repository/org/apache/zookeeper/zookeeper/3.4.5/zookeeper-3.4.5.jar:/home/mapred/.m2/repository/org/slf4j/slf4j-log4j12/1.7.6/slf4j-log4j12-1.7.6.jar:/home/mapred/.m2/repository/jline/jline/0.9.94/jline-0.9.94.jar:/home/mapred/.m2/repository/org/json/json/20090211/json-20090211.jar:/opt/giraph/giraph-core/target/munged/giraph-1.3.0-SNAPSHOT-for-hadoop-1.2.1.jar:/home/mapred/.m2/repository/com/facebook/nifty/nifty-client/0.14.0/nifty-client-0.14.0.jar:/home/mapred/.m2/repository/com/facebook/nifty/nifty-core/0.14.0/nifty-core-0.14.0.jar:/home/mapred/.m2/repository/javax/inject/javax.inject/1/javax.inject-1.jar:/home/mapred/.m2/repository/com/google/inject/extensions/guice-multibindings/3.0/guice-multibindings-3.0.jar:/home/mapred/.m2/repository/com/google/inject/guice/3.0/guice-3.0.jar:/home/mapred/.m2/repository/aopalliance/aopalliance/1.0/aopalliance-1.0.jar:/home/mapred/.m2/repository/io/airlift/units/0.91/units-0.91.jar:/home/mapred/.m2/repository/javax/validation/validation-api/1.1.0.Final/validation-api-1.1.0.Final.jar:/home/mapred/.m2/repository/io/netty/netty/3.7.0.Final/netty-3.7.0.Final.jar:/home/mapred/.m2/repository/com/facebook/swift/swift-annotations/0.14.0/swift-annotations-0.14.0.jar:/home/mapred/.m2/repository/com/facebook/swift/swift-codec/0.14.0/swift-codec-0.14.0.jar:/home/mapred/.m2/repository/com/thoughtworks/paranamer/paranamer/2.5.2/paranamer-2.5.2.jar:/home/mapred/.m2/repository/com/facebook/swift/swift-service/0.14.0/swift-service-0.14.0.jar:/home/mapred/.m2/repository/io/airlift/configuration/0.91/configuration-0.91.jar:/home/mapred/.m2/repository/org/apache/bval/bval-jsr303/0.5/bval-jsr303-0.5.jar:/home/mapred/.m2/repository/org/apache/bval/bval-core/0.5/bval-core-0.5.jar:/home/mapred/.m2/repository/cglib/cglib-nodep/2.2.2/cglib-nodep-2.2.2.jar:/home/mapred/.m2/repository/io/airlift/stats/0.91/stats-0.91.jar:/home/mapred/.m2/repository/com/fasterxml/jackson/core/jackson-annotations/2.1.4/jackson-annotations-2.1.4.jar:/home/mapred/.m2/repository/io/airlift/slice/0.5/slice-0.5.jar:/home/mapred/.m2/repository/org/openjdk/jol/jol-core/0.1/jol-core-0.1.jar:/home/mapred/.m2/repository/org/weakref/jmxutils/1.16/jmxutils-1.16.jar:/home/mapred/.m2/repository/com/facebook/thirdparty/yourkit-api/yjp-controller-api-redist/11.0.10/yjp-controller-api-redist-11.0.10.jar:/home/mapred/.m2/repository/com/google/code/findbugs/annotations/2.0.2/annotations-2.0.2.jar:/home/mapred/.m2/repository/com/yammer/metrics/metrics-core/2.2.0/metrics-core-2.2.0.jar:/home/mapred/.m2/repository/commons-io/commons-io/2.1/commons-io-2.1.jar:/home/mapred/.m2/repository/org/apache/commons/commons-lang3/3.4/commons-lang3-3.4.jar:/home/mapred/.m2/repository/org/apache/commons/commons-math/2.1/commons-math-2.1.jar:/home/mapred/.m2/repository/io/netty/netty-all/4.0.14.Final/netty-all-4.0.14.Final.jar:/home/mapred/.m2/repository/net/iharder/base64/2.3.8/base64-2.3.8.jar:/home/mapred/.m2/repository/org/codehaus/jackson/jackson-core-asl/1.9.2/jackson-core-asl-1.9.2.jar:/home/mapred/.m2/repository/org/codehaus/jackson/jackson-mapper-asl/1.9.2/jackson-mapper-asl-1.9.2.jar:/home/mapred/.m2/repository/org/jodah/typetools/0.2.1/typetools-0.2.1.jar:/home/mapred/.m2/repository/org/python/jython/2.5.3/jython-2.5.3.jar:/home/mapred/.m2/repository/com/esotericsoftware/kryo/3.0.1/kryo-3.0.1.jar:/home/mapred/.m2/repository/com/esotericsoftware/reflectasm/1.10.1/reflectasm-1.10.1.jar:/home/mapred/.m2/repository/org/ow2/asm/asm/5.0.3/asm-5.0.3.jar:/home/mapred/.m2/repository/com/esotericsoftware/minlog/1.3.0/minlog-1.3.0.jar:/home/mapred/.m2/repository/de/javakaffee/kryo-serializers/0.29/kryo-serializers-0.29.jar:/home/mapred/.m2/repository/org/objenesis/objenesis/2.1/objenesis-2.1.jar:/opt/giraph/giraph-core/target/munged/giraph-1.3.0-SNAPSHOT-for-hadoop-1.2.1-tests.jar:/opt/giraph/giraph-block-app/target/giraph-block-app-1.3.0-SNAPSHOT.jar:/home/mapred/.m2/repository/org/slf4j/slf4j-api/1.7.6/slf4j-api-1.7.6.jar:/home/mapred/.m2/repository/junit/junit/4.11/junit-4.11.jar:/home/mapred/.m2/repository/org/hamcrest/hamcrest-core/1.3/hamcrest-core-1.3.jar:/home/mapred/.m2/repository/org/mockito/mockito-core/1.9.5/mockito-core-1.9.5.jar:/home/mapred/.m2/repository/commons-net/commons-net/3.1/commons-net-3.1.jar:/home/mapred/.m2/repository/org/apache/hadoop/hadoop-core/1.2.1/hadoop-core-1.2.1.jar:/home/mapred/.m2/repository/xmlenc/xmlenc/0.52/xmlenc-0.52.jar:/home/mapred/.m2/repository/com/sun/jersey/jersey-core/1.17/jersey-core-1.17.jar:/home/mapred/.m2/repository/com/sun/jersey/jersey-server/1.8/jersey-server-1.8.jar:/home/mapred/.m2/repository/asm/asm/3.2/asm-3.2.jar:/home/mapred/.m2/repository/commons-httpclient/commons-httpclient/3.0.1/commons-httpclient-3.0.1.jar:/home/mapred/.m2/repository/commons-codec/commons-codec/1.8/commons-codec-1.8.jar:/home/mapred/.m2/repository/commons-configuration/commons-configuration/1.6/commons-configuration-1.6.jar:/home/mapred/.m2/repository/commons-lang/commons-lang/2.4/commons-lang-2.4.jar:/home/mapred/.m2/repository/commons-digester/commons-digester/1.8/commons-digester-1.8.jar:/home/mapred/.m2/repository/commons-beanutils/commons-beanutils/1.7.0/commons-beanutils-1.7.0.jar:/home/mapred/.m2/repository/commons-beanutils/commons-beanutils-core/1.8.0/commons-beanutils-core-1.8.0.jar:/home/mapred/.m2/repository/org/mortbay/jetty/jetty-util/6.1.26/jetty-util-6.1.26.jar:/home/mapred/.m2/repository/org/mortbay/jetty/jsp-2.1/6.1.14/jsp-2.1-6.1.14.jar:/home/mapred/.m2/repository/ant/ant/1.6.5/ant-1.6.5.jar:/home/mapred/.m2/repository/commons-el/commons-el/1.0/commons-el-1.0.jar:/home/mapred/.m2/repository/commons-logging/commons-logging/1.1.1/commons-logging-1.1.1.jar:/home/mapred/.m2/repository/net/java/dev/jets3t/jets3t/0.6.1/jets3t-0.6.1.jar:/home/mapred/.m2/repository/hsqldb/hsqldb/1.8.0.10/hsqldb-1.8.0.10.jar:/home/mapred/.m2/repository/oro/oro/2.0.8/oro-2.0.8.jar:"/>
    <property name="sun.nio.ch.bugLevel" value=""/>
    <property name="hadoop.version" value="1.2.1"/>
    <property name="prop.jarLocation" value="/opt/giraph/giraph-examples/target/giraph-examples-1.3.0-SNAPSHOT-for-hadoop-1.2.1-jar-with-dependencies.jar"/>
    <property name="java.specification.name" value="Java Platform API Specification"/>
    <property name="java.class.version" value="52.0"/>
    <property name="sun.management.compiler" value="HotSpot 64-Bit Tiered Compilers"/>
    <property name="os.version" value="4.4.0-31-generic"/>
    <property name="user.home" value="/home/mapred"/>
    <property name="user.timezone" value="Asia/Singapore"/>
    <property name="java.awt.printerjob" value="sun.print.PSPrinterJob"/>
    <property name="zookeeper.skipACL" value="yes"/>
    <property name="java.specification.version" value="1.8"/>
    <property name="file.encoding" value="UTF-8"/>
    <property name="user.name" value="mapred"/>
    <property name="java.class.path" value="/opt/giraph/giraph-examples/target/munged/test-classes:/opt/giraph/giraph-examples/target/munged/classes:/home/mapred/.m2/repository/com/google/guava/guava/18.0/guava-18.0.jar:/home/mapred/.m2/repository/commons-cli/commons-cli/1.2/commons-cli-1.2.jar:/home/mapred/.m2/repository/commons-collections/commons-collections/3.2.1/commons-collections-3.2.1.jar:/home/mapred/.m2/repository/it/unimi/dsi/fastutil/6.5.4/fastutil-6.5.4.jar:/home/mapred/.m2/repository/log4j/log4j/1.2.17/log4j-1.2.17.jar:/home/mapred/.m2/repository/org/apache/zookeeper/zookeeper/3.4.5/zookeeper-3.4.5.jar:/home/mapred/.m2/repository/org/slf4j/slf4j-log4j12/1.7.6/slf4j-log4j12-1.7.6.jar:/home/mapred/.m2/repository/jline/jline/0.9.94/jline-0.9.94.jar:/home/mapred/.m2/repository/org/json/json/20090211/json-20090211.jar:/opt/giraph/giraph-core/target/munged/giraph-1.3.0-SNAPSHOT-for-hadoop-1.2.1.jar:/home/mapred/.m2/repository/com/facebook/nifty/nifty-client/0.14.0/nifty-client-0.14.0.jar:/home/mapred/.m2/repository/com/facebook/nifty/nifty-core/0.14.0/nifty-core-0.14.0.jar:/home/mapred/.m2/repository/javax/inject/javax.inject/1/javax.inject-1.jar:/home/mapred/.m2/repository/com/google/inject/extensions/guice-multibindings/3.0/guice-multibindings-3.0.jar:/home/mapred/.m2/repository/com/google/inject/guice/3.0/guice-3.0.jar:/home/mapred/.m2/repository/aopalliance/aopalliance/1.0/aopalliance-1.0.jar:/home/mapred/.m2/repository/io/airlift/units/0.91/units-0.91.jar:/home/mapred/.m2/repository/javax/validation/validation-api/1.1.0.Final/validation-api-1.1.0.Final.jar:/home/mapred/.m2/repository/io/netty/netty/3.7.0.Final/netty-3.7.0.Final.jar:/home/mapred/.m2/repository/com/facebook/swift/swift-annotations/0.14.0/swift-annotations-0.14.0.jar:/home/mapred/.m2/repository/com/facebook/swift/swift-codec/0.14.0/swift-codec-0.14.0.jar:/home/mapred/.m2/repository/com/thoughtworks/paranamer/paranamer/2.5.2/paranamer-2.5.2.jar:/home/mapred/.m2/repository/com/facebook/swift/swift-service/0.14.0/swift-service-0.14.0.jar:/home/mapred/.m2/repository/io/airlift/configuration/0.91/configuration-0.91.jar:/home/mapred/.m2/repository/org/apache/bval/bval-jsr303/0.5/bval-jsr303-0.5.jar:/home/mapred/.m2/repository/org/apache/bval/bval-core/0.5/bval-core-0.5.jar:/home/mapred/.m2/repository/cglib/cglib-nodep/2.2.2/cglib-nodep-2.2.2.jar:/home/mapred/.m2/repository/io/airlift/stats/0.91/stats-0.91.jar:/home/mapred/.m2/repository/com/fasterxml/jackson/core/jackson-annotations/2.1.4/jackson-annotations-2.1.4.jar:/home/mapred/.m2/repository/io/airlift/slice/0.5/slice-0.5.jar:/home/mapred/.m2/repository/org/openjdk/jol/jol-core/0.1/jol-core-0.1.jar:/home/mapred/.m2/repository/org/weakref/jmxutils/1.16/jmxutils-1.16.jar:/home/mapred/.m2/repository/com/facebook/thirdparty/yourkit-api/yjp-controller-api-redist/11.0.10/yjp-controller-api-redist-11.0.10.jar:/home/mapred/.m2/repository/com/google/code/findbugs/annotations/2.0.2/annotations-2.0.2.jar:/home/mapred/.m2/repository/com/yammer/metrics/metrics-core/2.2.0/metrics-core-2.2.0.jar:/home/mapred/.m2/repository/commons-io/commons-io/2.1/commons-io-2.1.jar:/home/mapred/.m2/repository/org/apache/commons/commons-lang3/3.4/commons-lang3-3.4.jar:/home/mapred/.m2/repository/org/apache/commons/commons-math/2.1/commons-math-2.1.jar:/home/mapred/.m2/repository/io/netty/netty-all/4.0.14.Final/netty-all-4.0.14.Final.jar:/home/mapred/.m2/repository/net/iharder/base64/2.3.8/base64-2.3.8.jar:/home/mapred/.m2/repository/org/codehaus/jackson/jackson-core-asl/1.9.2/jackson-core-asl-1.9.2.jar:/home/mapred/.m2/repository/org/codehaus/jackson/jackson-mapper-asl/1.9.2/jackson-mapper-asl-1.9.2.jar:/home/mapred/.m2/repository/org/jodah/typetools/0.2.1/typetools-0.2.1.jar:/home/mapred/.m2/repository/org/python/jython/2.5.3/jython-2.5.3.jar:/home/mapred/.m2/repository/com/esotericsoftware/kryo/3.0.1/kryo-3.0.1.jar:/home/mapred/.m2/repository/com/esotericsoftware/reflectasm/1.10.1/reflectasm-1.10.1.jar:/home/mapred/.m2/repository/org/ow2/asm/asm/5.0.3/asm-5.0.3.jar:/home/mapred/.m2/repository/com/esotericsoftware/minlog/1.3.0/minlog-1.3.0.jar:/home/mapred/.m2/repository/de/javakaffee/kryo-serializers/0.29/kryo-serializers-0.29.jar:/home/mapred/.m2/repository/org/objenesis/objenesis/2.1/objenesis-2.1.jar:/opt/giraph/giraph-core/target/munged/giraph-1.3.0-SNAPSHOT-for-hadoop-1.2.1-tests.jar:/opt/giraph/giraph-block-app/target/giraph-block-app-1.3.0-SNAPSHOT.jar:/home/mapred/.m2/repository/org/slf4j/slf4j-api/1.7.6/slf4j-api-1.7.6.jar:/home/mapred/.m2/repository/junit/junit/4.11/junit-4.11.jar:/home/mapred/.m2/repository/org/hamcrest/hamcrest-core/1.3/hamcrest-core-1.3.jar:/home/mapred/.m2/repository/org/mockito/mockito-core/1.9.5/mockito-core-1.9.5.jar:/home/mapred/.m2/repository/commons-net/commons-net/3.1/commons-net-3.1.jar:/home/mapred/.m2/repository/org/apache/hadoop/hadoop-core/1.2.1/hadoop-core-1.2.1.jar:/home/mapred/.m2/repository/xmlenc/xmlenc/0.52/xmlenc-0.52.jar:/home/mapred/.m2/repository/com/sun/jersey/jersey-core/1.17/jersey-core-1.17.jar:/home/mapred/.m2/repository/com/sun/jersey/jersey-server/1.8/jersey-server-1.8.jar:/home/mapred/.m2/repository/asm/asm/3.2/asm-3.2.jar:/home/mapred/.m2/repository/commons-httpclient/commons-httpclient/3.0.1/commons-httpclient-3.0.1.jar:/home/mapred/.m2/repository/commons-codec/commons-codec/1.8/commons-codec-1.8.jar:/home/mapred/.m2/repository/commons-configuration/commons-configuration/1.6/commons-configuration-1.6.jar:/home/mapred/.m2/repository/commons-lang/commons-lang/2.4/commons-lang-2.4.jar:/home/mapred/.m2/repository/commons-digester/commons-digester/1.8/commons-digester-1.8.jar:/home/mapred/.m2/repository/commons-beanutils/commons-beanutils/1.7.0/commons-beanutils-1.7.0.jar:/home/mapred/.m2/repository/commons-beanutils/commons-beanutils-core/1.8.0/commons-beanutils-core-1.8.0.jar:/home/mapred/.m2/repository/org/mortbay/jetty/jetty-util/6.1.26/jetty-util-6.1.26.jar:/home/mapred/.m2/repository/org/mortbay/jetty/jsp-2.1/6.1.14/jsp-2.1-6.1.14.jar:/home/mapred/.m2/repository/ant/ant/1.6.5/ant-1.6.5.jar:/home/mapred/.m2/repository/commons-el/commons-el/1.0/commons-el-1.0.jar:/home/mapred/.m2/repository/commons-logging/commons-logging/1.1.1/commons-logging-1.1.1.jar:/home/mapred/.m2/repository/net/java/dev/jets3t/jets3t/0.6.1/jets3t-0.6.1.jar:/home/mapred/.m2/repository/hsqldb/hsqldb/1.8.0.10/hsqldb-1.8.0.10.jar:/home/mapred/.m2/repository/oro/oro/2.0.8/oro-2.0.8.jar:"/>
    <property name="java.vm.specification.version" value="1.8"/>
    <property name="sun.arch.data.model" value="64"/>
    <property name="java.home" value="/opt/jdk1.8/jre"/>
    <property name="sun.java.command" value="/tmp/surefirebooter6989751897227085209.jar /tmp/surefire1536655707579355949tmp /tmp/surefire4933660160076958916tmp"/>
    <property name="java.specification.vendor" value="Oracle Corporation"/>
    <property name="user.language" value="en"/>
    <property name="awt.toolkit" value="sun.awt.X11.XToolkit"/>
    <property name="java.vm.info" value="mixed mode"/>
    <property name="java.version" value="1.8.0_111"/>
    <property name="java.ext.dirs" value="/opt/jdk1.8/jre/lib/ext:/usr/java/packages/lib/ext"/>
    <property name="sun.boot.class.path" value="/opt/jdk1.8/jre/lib/resources.jar:/opt/jdk1.8/jre/lib/rt.jar:/opt/jdk1.8/jre/lib/sunrsasign.jar:/opt/jdk1.8/jre/lib/jsse.jar:/opt/jdk1.8/jre/lib/jce.jar:/opt/jdk1.8/jre/lib/charsets.jar:/opt/jdk1.8/jre/lib/jfr.jar:/opt/jdk1.8/jre/classes"/>
    <property name="java.vendor" value="Oracle Corporation"/>
    <property name="localRepository" value="/home/mapred/.m2/repository"/>
    <property name="file.separator" value="/"/>
    <property name="java.vendor.url.bug" value="http://bugreport.sun.com/bugreport/"/>
    <property name="sun.cpu.endian" value="little"/>
    <property name="sun.io.unicode.encoding" value="UnicodeLittle"/>
    <property name="sun.cpu.isalist" value=""/>
  </properties>
  <testcase classname="org.apache.giraph.examples.PageRankComputationTest" name="testToyData" time="13.213"/>
</testsuite>